Arguments: 
  /nix/store/dj805sw07vvpbxx39c8g67x8qddg0ikw-nodejs-18.12.1/bin/node /run/current-system/sw/bin/yarnpkg install

PATH: 
  /nix/store/i1ybm7a1sg6231q6g900dbckdx1frd60-kitty-0.26.2/bin:/nix/store/8s3ykb2m0z1bbbnc7mk5qawvfx9fzg7g-imagemagick-7.1.0-52/bin:/nix/store/66l0ncimnsjpg791an7bbh6z3k8sxvn5-ncurses-6.3-p20220507-dev/bin:/run/wrappers/bin:/home/mauro/.local/share/flatpak/exports/bin:/var/lib/flatpak/exports/bin:/home/mauro/.nix-profile/bin:/etc/profiles/per-user/mauro/bin:/nix/var/nix/profiles/default/bin:/run/current-system/sw/bin:/home/mauro/.zsh/plugins/powerlevel10k:/home/mauro/.zsh/plugins/powerlevel10k-config:/home/mauro/Library/Android/Sdk/emulator:/home/mauro/Library/Android/Sdk/platform-tools

Yarn version: 
  1.22.19

Node version: 
  18.12.1

Platform: 
  linux x64

Trace: 
  SyntaxError: /home/mauro/.cache/yarn/v6/npm-@babel-generator-7.20.7-f8ef57c8242665c5929fe2e8d82ba75460187b4a-integrity/node_modules/@babel/generator/.yarn-metadata.json: Unexpected end of JSON input
      at JSON.parse (<anonymous>)
      at /nix/store/almamk9fkbr6vb9433zvmpbcwxrlzn27-yarn-1.22.19/lib/node_modules/yarn/lib/cli.js:1629:59
      at Generator.next (<anonymous>)
      at step (/nix/store/almamk9fkbr6vb9433zvmpbcwxrlzn27-yarn-1.22.19/lib/node_modules/yarn/lib/cli.js:310:30)
      at /nix/store/almamk9fkbr6vb9433zvmpbcwxrlzn27-yarn-1.22.19/lib/node_modules/yarn/lib/cli.js:321:13

npm manifest: 
  {
    "name": "ecommerce-app-template",
    "version": "1.0.0",
    "main": "node_modules/expo/AppEntry.js",
    "keywords": [
      "react",
      "expo",
      "template",
      "typescript",
      "boilerplate",
      "spirokit"
    ],
    "license": "MIT",
    "scripts": {
      "start": "expo start",
      "android": "expo start --android",
      "ios": "expo start --ios",
      "web": "expo start --web"
    },
    "dependencies": {
      "@expo-google-fonts/poppins": "^0.2.2",
      "@expo/webpack-config": "^0.17.0",
      "@react-navigation/bottom-tabs": "^6.4.0",
      "@react-navigation/native": "^6.0.13",
      "@react-navigation/stack": "^6.3.3",
      "expo": "~46.0.9",
      "expo-linear-gradient": "~11.4.0",
      "expo-status-bar": "~1.4.0",
      "react": "18.0.0",
      "react-dom": "18.0.0",
      "react-native": "0.69.5",
      "react-native-gesture-handler": "~2.5.0",
      "react-native-heroicons": "2.0.2",
      "react-native-safe-area-context": "4.3.1",
      "react-native-screens": "~3.15.0",
      "react-native-svg": "12.3.0",
      "react-native-web": "0.17.0"
    },
    "devDependencies": {
      "@babel/core": "^7.12.9",
      "@types/react": "~18.0.14",
      "@types/react-native": "~0.69.1",
      "typescript": "~4.3.5"
    },
    "bugs": {
      "url": "https://github.com/spirokit/travel-app-template-typescript/issues"
    },
    "homepage": "https://github.com/spirokit/travel-app-template-typescript#readme",
    "author": "Mauro Garcia",
    "private": true
  }

yarn manifest: 
  No manifest

Lockfile: 
  No lockfile
